<?xml version="1.0" encoding="UTF-8"?>
<testsuite xmlns:xsi="http://www.w3.org/2001/XMLSchema-instance" xsi:noNamespaceSchemaLocation="https://maven.apache.org/surefire/maven-surefire-plugin/xsd/surefire-test-report-3.0.xsd" version="3.0" name="com.mengnankk.post.ForumPostApplicationTests" time="6.894" tests="1" errors="0" skipped="0" failures="0">
  <properties>
    <property name="java.specification.version" value="17"/>
    <property name="sun.cpu.isalist" value="amd64"/>
    <property name="sun.jnu.encoding" value="GBK"/>
    <property name="java.class.path" value="E:\github\springaialibaba-example\forum-post\target\test-classes;E:\github\springaialibaba-example\forum-post\target\classes;D:\maven-local-repository\org\springframework\boot\spring-boot-starter-web\3.2.5\spring-boot-starter-web-3.2.5.jar;D:\maven-local-repository\org\springframework\boot\spring-boot-starter\3.2.5\spring-boot-starter-3.2.5.jar;D:\maven-local-repository\org\springframework\boot\spring-boot\3.2.5\spring-boot-3.2.5.jar;D:\maven-local-repository\org\springframework\boot\spring-boot-starter-logging\3.2.5\spring-boot-starter-logging-3.2.5.jar;D:\maven-local-repository\ch\qos\logback\logback-classic\1.4.14\logback-classic-1.4.14.jar;D:\maven-local-repository\ch\qos\logback\logback-core\1.4.14\logback-core-1.4.14.jar;D:\maven-local-repository\org\apache\logging\log4j\log4j-to-slf4j\2.21.1\log4j-to-slf4j-2.21.1.jar;D:\maven-local-repository\org\apache\logging\log4j\log4j-api\2.21.1\log4j-api-2.21.1.jar;D:\maven-local-repository\org\slf4j\jul-to-slf4j\2.0.13\jul-to-slf4j-2.0.13.jar;D:\maven-local-repository\jakarta\annotation\jakarta.annotation-api\2.1.1\jakarta.annotation-api-2.1.1.jar;D:\maven-local-repository\org\yaml\snakeyaml\2.2\snakeyaml-2.2.jar;D:\maven-local-repository\org\springframework\boot\spring-boot-starter-json\3.2.5\spring-boot-starter-json-3.2.5.jar;D:\maven-local-repository\com\fasterxml\jackson\core\jackson-databind\2.15.4\jackson-databind-2.15.4.jar;D:\maven-local-repository\com\fasterxml\jackson\core\jackson-annotations\2.15.4\jackson-annotations-2.15.4.jar;D:\maven-local-repository\com\fasterxml\jackson\datatype\jackson-datatype-jdk8\2.15.4\jackson-datatype-jdk8-2.15.4.jar;D:\maven-local-repository\com\fasterxml\jackson\datatype\jackson-datatype-jsr310\2.15.4\jackson-datatype-jsr310-2.15.4.jar;D:\maven-local-repository\com\fasterxml\jackson\module\jackson-module-parameter-names\2.15.4\jackson-module-parameter-names-2.15.4.jar;D:\maven-local-repository\org\springframework\boot\spring-boot-starter-tomcat\3.2.5\spring-boot-starter-tomcat-3.2.5.jar;D:\maven-local-repository\org\apache\tomcat\embed\tomcat-embed-core\10.1.20\tomcat-embed-core-10.1.20.jar;D:\maven-local-repository\org\apache\tomcat\embed\tomcat-embed-el\10.1.20\tomcat-embed-el-10.1.20.jar;D:\maven-local-repository\org\apache\tomcat\embed\tomcat-embed-websocket\10.1.20\tomcat-embed-websocket-10.1.20.jar;D:\maven-local-repository\org\springframework\spring-web\6.1.6\spring-web-6.1.6.jar;D:\maven-local-repository\org\springframework\spring-beans\6.1.6\spring-beans-6.1.6.jar;D:\maven-local-repository\io\micrometer\micrometer-observation\1.12.5\micrometer-observation-1.12.5.jar;D:\maven-local-repository\io\micrometer\micrometer-commons\1.12.5\micrometer-commons-1.12.5.jar;D:\maven-local-repository\org\springframework\spring-webmvc\6.1.6\spring-webmvc-6.1.6.jar;D:\maven-local-repository\org\springframework\spring-aop\6.1.6\spring-aop-6.1.6.jar;D:\maven-local-repository\org\springframework\spring-context\6.1.6\spring-context-6.1.6.jar;D:\maven-local-repository\org\springframework\spring-expression\6.1.6\spring-expression-6.1.6.jar;D:\maven-local-repository\com\alibaba\cloud\spring-cloud-starter-alibaba-nacos-discovery\2023.0.1.0\spring-cloud-starter-alibaba-nacos-discovery-2023.0.1.0.jar;D:\maven-local-repository\com\alibaba\cloud\spring-cloud-alibaba-commons\2023.0.1.0\spring-cloud-alibaba-commons-2023.0.1.0.jar;D:\maven-local-repository\com\alibaba\nacos\nacos-client\2.3.2\nacos-client-2.3.2.jar;D:\maven-local-repository\com\alibaba\nacos\nacos-auth-plugin\2.3.2\nacos-auth-plugin-2.3.2.jar;D:\maven-local-repository\com\alibaba\nacos\nacos-encryption-plugin\2.3.2\nacos-encryption-plugin-2.3.2.jar;D:\maven-local-repository\commons-codec\commons-codec\1.16.1\commons-codec-1.16.1.jar;D:\maven-local-repository\com\fasterxml\jackson\core\jackson-core\2.15.4\jackson-core-2.15.4.jar;D:\maven-local-repository\org\apache\httpcomponents\httpasyncclient\4.1.5\httpasyncclient-4.1.5.jar;D:\maven-local-repository\org\apache\httpcomponents\httpcore-nio\4.4.16\httpcore-nio-4.4.16.jar;D:\maven-local-repository\org\apache\httpcomponents\httpclient\4.5.13\httpclient-4.5.13.jar;D:\maven-local-repository\org\apache\httpcomponents\httpcore\4.4.16\httpcore-4.4.16.jar;D:\maven-local-repository\io\prometheus\simpleclient\0.16.0\simpleclient-0.16.0.jar;D:\maven-local-repository\io\prometheus\simpleclient_tracer_otel\0.16.0\simpleclient_tracer_otel-0.16.0.jar;D:\maven-local-repository\io\prometheus\simpleclient_tracer_common\0.16.0\simpleclient_tracer_common-0.16.0.jar;D:\maven-local-repository\io\prometheus\simpleclient_tracer_otel_agent\0.16.0\simpleclient_tracer_otel_agent-0.16.0.jar;D:\maven-local-repository\io\micrometer\micrometer-core\1.12.5\micrometer-core-1.12.5.jar;D:\maven-local-repository\org\hdrhistogram\HdrHistogram\2.1.12\HdrHistogram-2.1.12.jar;D:\maven-local-repository\org\latencyutils\LatencyUtils\2.0.3\LatencyUtils-2.0.3.jar;D:\maven-local-repository\com\alibaba\spring\spring-context-support\1.0.11\spring-context-support-1.0.11.jar;D:\maven-local-repository\org\springframework\cloud\spring-cloud-commons\4.1.2\spring-cloud-commons-4.1.2.jar;D:\maven-local-repository\org\springframework\security\spring-security-crypto\6.2.4\spring-security-crypto-6.2.4.jar;D:\maven-local-repository\org\springframework\cloud\spring-cloud-context\4.1.2\spring-cloud-context-4.1.2.jar;D:\maven-local-repository\com\mysql\mysql-connector-j\8.0.33\mysql-connector-j-8.0.33.jar;D:\maven-local-repository\com\google\protobuf\protobuf-java\3.21.9\protobuf-java-3.21.9.jar;D:\maven-local-repository\com\alibaba\druid-spring-boot-starter\1.2.22\druid-spring-boot-starter-1.2.22.jar;D:\maven-local-repository\com\alibaba\druid\1.2.22\druid-1.2.22.jar;D:\maven-local-repository\org\slf4j\slf4j-api\2.0.13\slf4j-api-2.0.13.jar;D:\maven-local-repository\org\springframework\boot\spring-boot-autoconfigure\3.2.5\spring-boot-autoconfigure-3.2.5.jar;D:\maven-local-repository\org\glassfish\jaxb\jaxb-runtime\4.0.5\jaxb-runtime-4.0.5.jar;D:\maven-local-repository\org\glassfish\jaxb\jaxb-core\4.0.5\jaxb-core-4.0.5.jar;D:\maven-local-repository\org\eclipse\angus\angus-activation\2.0.2\angus-activation-2.0.2.jar;D:\maven-local-repository\org\glassfish\jaxb\txw2\4.0.5\txw2-4.0.5.jar;D:\maven-local-repository\com\sun\istack\istack-commons-runtime\4.1.2\istack-commons-runtime-4.1.2.jar;D:\maven-local-repository\com\baomidou\mybatis-plus-boot-starter\3.5.6\mybatis-plus-boot-starter-3.5.6.jar;D:\maven-local-repository\com\baomidou\mybatis-plus\3.5.6\mybatis-plus-3.5.6.jar;D:\maven-local-repository\com\baomidou\mybatis-plus-core\3.5.6\mybatis-plus-core-3.5.6.jar;D:\maven-local-repository\com\baomidou\mybatis-plus-annotation\3.5.6\mybatis-plus-annotation-3.5.6.jar;D:\maven-local-repository\com\baomidou\mybatis-plus-extension\3.5.6\mybatis-plus-extension-3.5.6.jar;D:\maven-local-repository\org\mybatis\mybatis\3.5.16\mybatis-3.5.16.jar;D:\maven-local-repository\com\github\jsqlparser\jsqlparser\4.9\jsqlparser-4.9.jar;D:\maven-local-repository\org\mybatis\mybatis-spring\2.1.2\mybatis-spring-2.1.2.jar;D:\maven-local-repository\com\baomidou\mybatis-plus-spring-boot-autoconfigure\3.5.6\mybatis-plus-spring-boot-autoconfigure-3.5.6.jar;D:\maven-local-repository\org\springframework\boot\spring-boot-starter-jdbc\3.2.5\spring-boot-starter-jdbc-3.2.5.jar;D:\maven-local-repository\com\zaxxer\HikariCP\5.0.1\HikariCP-5.0.1.jar;D:\maven-local-repository\org\springframework\spring-jdbc\6.1.6\spring-jdbc-6.1.6.jar;D:\maven-local-repository\org\springframework\boot\spring-boot-starter-data-redis\3.2.5\spring-boot-starter-data-redis-3.2.5.jar;D:\maven-local-repository\io\lettuce\lettuce-core\6.3.2.RELEASE\lettuce-core-6.3.2.RELEASE.jar;D:\maven-local-repository\io\netty\netty-common\4.1.109.Final\netty-common-4.1.109.Final.jar;D:\maven-local-repository\io\netty\netty-handler\4.1.109.Final\netty-handler-4.1.109.Final.jar;D:\maven-local-repository\io\netty\netty-resolver\4.1.109.Final\netty-resolver-4.1.109.Final.jar;D:\maven-local-repository\io\netty\netty-buffer\4.1.109.Final\netty-buffer-4.1.109.Final.jar;D:\maven-local-repository\io\netty\netty-transport-native-unix-common\4.1.109.Final\netty-transport-native-unix-common-4.1.109.Final.jar;D:\maven-local-repository\io\netty\netty-codec\4.1.109.Final\netty-codec-4.1.109.Final.jar;D:\maven-local-repository\io\netty\netty-transport\4.1.109.Final\netty-transport-4.1.109.Final.jar;D:\maven-local-repository\io\projectreactor\reactor-core\3.6.5\reactor-core-3.6.5.jar;D:\maven-local-repository\org\reactivestreams\reactive-streams\1.0.4\reactive-streams-1.0.4.jar;D:\maven-local-repository\org\springframework\data\spring-data-redis\3.2.5\spring-data-redis-3.2.5.jar;D:\maven-local-repository\org\springframework\data\spring-data-keyvalue\3.2.5\spring-data-keyvalue-3.2.5.jar;D:\maven-local-repository\org\springframework\data\spring-data-commons\3.2.5\spring-data-commons-3.2.5.jar;D:\maven-local-repository\org\springframework\spring-tx\6.1.6\spring-tx-6.1.6.jar;D:\maven-local-repository\org\springframework\spring-oxm\6.1.6\spring-oxm-6.1.6.jar;D:\maven-local-repository\org\springframework\spring-context-support\6.1.6\spring-context-support-6.1.6.jar;D:\maven-local-repository\org\springframework\cloud\spring-cloud-starter-openfeign\4.1.1\spring-cloud-starter-openfeign-4.1.1.jar;D:\maven-local-repository\org\springframework\cloud\spring-cloud-starter\4.1.2\spring-cloud-starter-4.1.2.jar;D:\maven-local-repository\org\springframework\security\spring-security-rsa\1.1.2\spring-security-rsa-1.1.2.jar;D:\maven-local-repository\org\bouncycastle\bcprov-jdk18on\1.77\bcprov-jdk18on-1.77.jar;D:\maven-local-repository\org\springframework\cloud\spring-cloud-openfeign-core\4.1.1\spring-cloud-openfeign-core-4.1.1.jar;D:\maven-local-repository\org\springframework\boot\spring-boot-starter-aop\3.2.5\spring-boot-starter-aop-3.2.5.jar;D:\maven-local-repository\org\aspectj\aspectjweaver\1.9.22\aspectjweaver-1.9.22.jar;D:\maven-local-repository\io\github\openfeign\form\feign-form-spring\3.8.0\feign-form-spring-3.8.0.jar;D:\maven-local-repository\io\github\openfeign\form\feign-form\3.8.0\feign-form-3.8.0.jar;D:\maven-local-repository\commons-fileupload\commons-fileupload\1.5\commons-fileupload-1.5.jar;D:\maven-local-repository\commons-io\commons-io\2.11.0\commons-io-2.11.0.jar;D:\maven-local-repository\io\github\openfeign\feign-core\13.2.1\feign-core-13.2.1.jar;D:\maven-local-repository\io\github\openfeign\feign-slf4j\13.2.1\feign-slf4j-13.2.1.jar;D:\maven-local-repository\org\apache\rocketmq\rocketmq-spring-boot-starter\2.3.0\rocketmq-spring-boot-starter-2.3.0.jar;D:\maven-local-repository\org\apache\rocketmq\rocketmq-spring-boot\2.3.0\rocketmq-spring-boot-2.3.0.jar;D:\maven-local-repository\org\apache\rocketmq\rocketmq-client\5.1.4\rocketmq-client-5.1.4.jar;D:\maven-local-repository\org\apache\rocketmq\rocketmq-remoting\5.1.4\rocketmq-remoting-5.1.4.jar;D:\maven-local-repository\org\apache\commons\commons-lang3\3.13.0\commons-lang3-3.13.0.jar;D:\maven-local-repository\com\google\guava\guava\31.1-jre\guava-31.1-jre.jar;D:\maven-local-repository\com\google\guava\failureaccess\1.0.1\failureaccess-1.0.1.jar;D:\maven-local-repository\com\google\guava\listenablefuture\9999.0-empty-to-avoid-conflict-with-guava\listenablefuture-9999.0-empty-to-avoid-conflict-with-guava.jar;D:\maven-local-repository\com\google\code\findbugs\jsr305\3.0.2\jsr305-3.0.2.jar;D:\maven-local-repository\org\checkerframework\checker-qual\3.12.0\checker-qual-3.12.0.jar;D:\maven-local-repository\com\google\j2objc\j2objc-annotations\1.3\j2objc-annotations-1.3.jar;D:\maven-local-repository\io\github\aliyunmq\rocketmq-slf4j-api\1.0.1\rocketmq-slf4j-api-1.0.1.jar;D:\maven-local-repository\io\github\aliyunmq\rocketmq-logback-classic\1.0.1\rocketmq-logback-classic-1.0.1.jar;D:\maven-local-repository\org\apache\rocketmq\rocketmq-acl\5.1.4\rocketmq-acl-5.1.4.jar;D:\maven-local-repository\org\apache\rocketmq\rocketmq-proto\2.0.3\rocketmq-proto-2.0.3.jar;D:\maven-local-repository\org\apache\rocketmq\rocketmq-common\5.1.4\rocketmq-common-5.1.4.jar;D:\maven-local-repository\com\alibaba\fastjson\1.2.83\fastjson-1.2.83.jar;D:\maven-local-repository\io\netty\netty-all\4.1.109.Final\netty-all-4.1.109.Final.jar;D:\maven-local-repository\io\netty\netty-codec-dns\4.1.109.Final\netty-codec-dns-4.1.109.Final.jar;D:\maven-local-repository\io\netty\netty-codec-haproxy\4.1.109.Final\netty-codec-haproxy-4.1.109.Final.jar;D:\maven-local-repository\io\netty\netty-codec-http\4.1.109.Final\netty-codec-http-4.1.109.Final.jar;D:\maven-local-repository\io\netty\netty-codec-http2\4.1.109.Final\netty-codec-http2-4.1.109.Final.jar;D:\maven-local-repository\io\netty\netty-codec-memcache\4.1.109.Final\netty-codec-memcache-4.1.109.Final.jar;D:\maven-local-repository\io\netty\netty-codec-mqtt\4.1.109.Final\netty-codec-mqtt-4.1.109.Final.jar;D:\maven-local-repository\io\netty\netty-codec-redis\4.1.109.Final\netty-codec-redis-4.1.109.Final.jar;D:\maven-local-repository\io\netty\netty-codec-smtp\4.1.109.Final\netty-codec-smtp-4.1.109.Final.jar;D:\maven-local-repository\io\netty\netty-codec-socks\4.1.109.Final\netty-codec-socks-4.1.109.Final.jar;D:\maven-local-repository\io\netty\netty-codec-stomp\4.1.109.Final\netty-codec-stomp-4.1.109.Final.jar;D:\maven-local-repository\io\netty\netty-codec-xml\4.1.109.Final\netty-codec-xml-4.1.109.Final.jar;D:\maven-local-repository\io\netty\netty-handler-proxy\4.1.109.Final\netty-handler-proxy-4.1.109.Final.jar;D:\maven-local-repository\io\netty\netty-handler-ssl-ocsp\4.1.109.Final\netty-handler-ssl-ocsp-4.1.109.Final.jar;D:\maven-local-repository\io\netty\netty-resolver-dns\4.1.109.Final\netty-resolver-dns-4.1.109.Final.jar;D:\maven-local-repository\io\netty\netty-transport-rxtx\4.1.109.Final\netty-transport-rxtx-4.1.109.Final.jar;D:\maven-local-repository\io\netty\netty-transport-sctp\4.1.109.Final\netty-transport-sctp-4.1.109.Final.jar;D:\maven-local-repository\io\netty\netty-transport-udt\4.1.109.Final\netty-transport-udt-4.1.109.Final.jar;D:\maven-local-repository\io\netty\netty-transport-classes-epoll\4.1.109.Final\netty-transport-classes-epoll-4.1.109.Final.jar;D:\maven-local-repository\io\netty\netty-transport-classes-kqueue\4.1.109.Final\netty-transport-classes-kqueue-4.1.109.Final.jar;D:\maven-local-repository\io\netty\netty-resolver-dns-classes-macos\4.1.109.Final\netty-resolver-dns-classes-macos-4.1.109.Final.jar;D:\maven-local-repository\io\netty\netty-transport-native-epoll\4.1.109.Final\netty-transport-native-epoll-4.1.109.Final-linux-x86_64.jar;D:\maven-local-repository\io\netty\netty-transport-native-epoll\4.1.109.Final\netty-transport-native-epoll-4.1.109.Final-linux-aarch_64.jar;D:\maven-local-repository\io\netty\netty-transport-native-epoll\4.1.109.Final\netty-transport-native-epoll-4.1.109.Final-linux-riscv64.jar;D:\maven-local-repository\io\netty\netty-transport-native-kqueue\4.1.109.Final\netty-transport-native-kqueue-4.1.109.Final-osx-x86_64.jar;D:\maven-local-repository\io\netty\netty-transport-native-kqueue\4.1.109.Final\netty-transport-native-kqueue-4.1.109.Final-osx-aarch_64.jar;D:\maven-local-repository\io\netty\netty-resolver-dns-native-macos\4.1.109.Final\netty-resolver-dns-native-macos-4.1.109.Final-osx-x86_64.jar;D:\maven-local-repository\io\netty\netty-resolver-dns-native-macos\4.1.109.Final\netty-resolver-dns-native-macos-4.1.109.Final-osx-aarch_64.jar;D:\maven-local-repository\com\github\luben\zstd-jni\1.5.2-2\zstd-jni-1.5.2-2.jar;D:\maven-local-repository\org\lz4\lz4-java\1.8.0\lz4-java-1.8.0.jar;D:\maven-local-repository\io\opentelemetry\opentelemetry-exporter-otlp\1.31.0\opentelemetry-exporter-otlp-1.31.0.jar;D:\maven-local-repository\io\opentelemetry\opentelemetry-sdk-trace\1.31.0\opentelemetry-sdk-trace-1.31.0.jar;D:\maven-local-repository\io\opentelemetry\opentelemetry-sdk-metrics\1.31.0\opentelemetry-sdk-metrics-1.31.0.jar;D:\maven-local-repository\io\opentelemetry\opentelemetry-extension-incubator\1.31.0-alpha\opentelemetry-extension-incubator-1.31.0-alpha.jar;D:\maven-local-repository\io\opentelemetry\opentelemetry-sdk-logs\1.31.0\opentelemetry-sdk-logs-1.31.0.jar;D:\maven-local-repository\io\opentelemetry\opentelemetry-api-events\1.31.0-alpha\opentelemetry-api-events-1.31.0-alpha.jar;D:\maven-local-repository\io\opentelemetry\opentelemetry-exporter-otlp-common\1.31.0\opentelemetry-exporter-otlp-common-1.31.0.jar;D:\maven-local-repository\io\opentelemetry\opentelemetry-exporter-common\1.31.0\opentelemetry-exporter-common-1.31.0.jar;D:\maven-local-repository\io\opentelemetry\opentelemetry-exporter-sender-okhttp\1.31.0\opentelemetry-exporter-sender-okhttp-1.31.0.jar;D:\maven-local-repository\com\squareup\okhttp3\okhttp\4.12.0\okhttp-4.12.0.jar;D:\maven-local-repository\com\squareup\okio\okio\3.6.0\okio-3.6.0.jar;D:\maven-local-repository\org\jetbrains\kotlin\kotlin-stdlib-jdk8\1.9.23\kotlin-stdlib-jdk8-1.9.23.jar;D:\maven-local-repository\org\jetbrains\kotlin\kotlin-stdlib\1.9.23\kotlin-stdlib-1.9.23.jar;D:\maven-local-repository\org\jetbrains\annotations\13.0\annotations-13.0.jar;D:\maven-local-repository\org\jetbrains\kotlin\kotlin-stdlib-jdk7\1.9.23\kotlin-stdlib-jdk7-1.9.23.jar;D:\maven-local-repository\io\opentelemetry\opentelemetry-sdk-extension-autoconfigure-spi\1.31.0\opentelemetry-sdk-extension-autoconfigure-spi-1.31.0.jar;D:\maven-local-repository\io\opentelemetry\opentelemetry-exporter-prometheus\1.29.0-alpha\opentelemetry-exporter-prometheus-1.29.0-alpha.jar;D:\maven-local-repository\io\opentelemetry\opentelemetry-exporter-logging\1.31.0\opentelemetry-exporter-logging-1.31.0.jar;D:\maven-local-repository\io\opentelemetry\opentelemetry-sdk\1.31.0\opentelemetry-sdk-1.31.0.jar;D:\maven-local-repository\io\opentelemetry\opentelemetry-api\1.31.0\opentelemetry-api-1.31.0.jar;D:\maven-local-repository\io\opentelemetry\opentelemetry-context\1.31.0\opentelemetry-context-1.31.0.jar;D:\maven-local-repository\io\opentelemetry\opentelemetry-sdk-common\1.31.0\opentelemetry-sdk-common-1.31.0.jar;D:\maven-local-repository\io\opentelemetry\opentelemetry-exporter-logging-otlp\1.31.0\opentelemetry-exporter-logging-otlp-1.31.0.jar;D:\maven-local-repository\io\grpc\grpc-stub\1.50.0\grpc-stub-1.50.0.jar;D:\maven-local-repository\io\grpc\grpc-api\1.50.0\grpc-api-1.50.0.jar;D:\maven-local-repository\io\grpc\grpc-context\1.50.0\grpc-context-1.50.0.jar;D:\maven-local-repository\com\google\errorprone\error_prone_annotations\2.14.0\error_prone_annotations-2.14.0.jar;D:\maven-local-repository\io\grpc\grpc-netty-shaded\1.50.0\grpc-netty-shaded-1.50.0.jar;D:\maven-local-repository\io\perfmark\perfmark-api\0.25.0\perfmark-api-0.25.0.jar;D:\maven-local-repository\io\grpc\grpc-core\1.50.0\grpc-core-1.50.0.jar;D:\maven-local-repository\com\google\code\gson\gson\2.10.1\gson-2.10.1.jar;D:\maven-local-repository\com\google\android\annotations\4.1.1.4\annotations-4.1.1.4.jar;D:\maven-local-repository\org\codehaus\mojo\animal-sniffer-annotations\1.21\animal-sniffer-annotations-1.21.jar;D:\maven-local-repository\com\squareup\okio\okio-jvm\3.0.0\okio-jvm-3.0.0.jar;D:\maven-local-repository\io\github\aliyunmq\rocketmq-rocksdb\1.0.3\rocketmq-rocksdb-1.0.3.jar;D:\maven-local-repository\org\apache\rocketmq\rocketmq-srvutil\5.1.4\rocketmq-srvutil-5.1.4.jar;D:\maven-local-repository\commons-cli\commons-cli\1.5.0\commons-cli-1.5.0.jar;D:\maven-local-repository\com\googlecode\concurrentlinkedhashmap\concurrentlinkedhashmap-lru\1.4.2\concurrentlinkedhashmap-lru-1.4.2.jar;D:\maven-local-repository\commons-validator\commons-validator\1.7\commons-validator-1.7.jar;D:\maven-local-repository\commons-beanutils\commons-beanutils\1.9.4\commons-beanutils-1.9.4.jar;D:\maven-local-repository\commons-digester\commons-digester\2.1\commons-digester-2.1.jar;D:\maven-local-repository\commons-logging\commons-logging\1.2\commons-logging-1.2.jar;D:\maven-local-repository\commons-collections\commons-collections\3.2.2\commons-collections-3.2.2.jar;D:\maven-local-repository\com\google\protobuf\protobuf-java-util\3.20.1\protobuf-java-util-3.20.1.jar;D:\maven-local-repository\org\springframework\spring-messaging\6.1.6\spring-messaging-6.1.6.jar;D:\maven-local-repository\org\springframework\boot\spring-boot-starter-validation\3.2.5\spring-boot-starter-validation-3.2.5.jar;D:\maven-local-repository\org\hibernate\validator\hibernate-validator\8.0.1.Final\hibernate-validator-8.0.1.Final.jar;D:\maven-local-repository\jakarta\validation\jakarta.validation-api\3.0.2\jakarta.validation-api-3.0.2.jar;D:\maven-local-repository\org\jboss\logging\jboss-logging\3.5.3.Final\jboss-logging-3.5.3.Final.jar;D:\maven-local-repository\com\fasterxml\classmate\1.6.0\classmate-1.6.0.jar;E:\github\springaialibaba-example\forum-common\target\forum-common-1.0.0.jar;D:\maven-local-repository\com\alibaba\fastjson2\fastjson2\2.0.43\fastjson2-2.0.43.jar;D:\maven-local-repository\cn\hutool\hutool-all\5.8.26\hutool-all-5.8.26.jar;D:\maven-local-repository\com\github\xiaoymin\knife4j-openapi3-jakarta-spring-boot-starter\4.5.0\knife4j-openapi3-jakarta-spring-boot-starter-4.5.0.jar;D:\maven-local-repository\com\github\xiaoymin\knife4j-core\4.5.0\knife4j-core-4.5.0.jar;D:\maven-local-repository\com\github\xiaoymin\knife4j-openapi3-ui\4.5.0\knife4j-openapi3-ui-4.5.0.jar;D:\maven-local-repository\org\springdoc\springdoc-openapi-starter-webmvc-ui\2.3.0\springdoc-openapi-starter-webmvc-ui-2.3.0.jar;D:\maven-local-repository\org\springdoc\springdoc-openapi-starter-webmvc-api\2.3.0\springdoc-openapi-starter-webmvc-api-2.3.0.jar;D:\maven-local-repository\org\springdoc\springdoc-openapi-starter-common\2.3.0\springdoc-openapi-starter-common-2.3.0.jar;D:\maven-local-repository\io\swagger\core\v3\swagger-core-jakarta\2.2.19\swagger-core-jakarta-2.2.19.jar;D:\maven-local-repository\io\swagger\core\v3\swagger-annotations-jakarta\2.2.19\swagger-annotations-jakarta-2.2.19.jar;D:\maven-local-repository\io\swagger\core\v3\swagger-models-jakarta\2.2.19\swagger-models-jakarta-2.2.19.jar;D:\maven-local-repository\com\fasterxml\jackson\dataformat\jackson-dataformat-yaml\2.15.4\jackson-dataformat-yaml-2.15.4.jar;D:\maven-local-repository\org\webjars\swagger-ui\5.10.3\swagger-ui-5.10.3.jar;D:\maven-local-repository\io\jsonwebtoken\jjwt-api\0.12.5\jjwt-api-0.12.5.jar;D:\maven-local-repository\org\springframework\boot\spring-boot-starter-test\3.2.5\spring-boot-starter-test-3.2.5.jar;D:\maven-local-repository\org\springframework\boot\spring-boot-test\3.2.5\spring-boot-test-3.2.5.jar;D:\maven-local-repository\org\springframework\boot\spring-boot-test-autoconfigure\3.2.5\spring-boot-test-autoconfigure-3.2.5.jar;D:\maven-local-repository\com\jayway\jsonpath\json-path\2.9.0\json-path-2.9.0.jar;D:\maven-local-repository\jakarta\xml\bind\jakarta.xml.bind-api\4.0.2\jakarta.xml.bind-api-4.0.2.jar;D:\maven-local-repository\jakarta\activation\jakarta.activation-api\2.1.3\jakarta.activation-api-2.1.3.jar;D:\maven-local-repository\net\minidev\json-smart\2.5.1\json-smart-2.5.1.jar;D:\maven-local-repository\net\minidev\accessors-smart\2.5.1\accessors-smart-2.5.1.jar;D:\maven-local-repository\org\ow2\asm\asm\9.6\asm-9.6.jar;D:\maven-local-repository\org\assertj\assertj-core\3.24.2\assertj-core-3.24.2.jar;D:\maven-local-repository\net\bytebuddy\byte-buddy\1.14.13\byte-buddy-1.14.13.jar;D:\maven-local-repository\org\awaitility\awaitility\4.2.1\awaitility-4.2.1.jar;D:\maven-local-repository\org\hamcrest\hamcrest\2.2\hamcrest-2.2.jar;D:\maven-local-repository\org\junit\jupiter\junit-jupiter\5.10.2\junit-jupiter-5.10.2.jar;D:\maven-local-repository\org\junit\jupiter\junit-jupiter-api\5.10.2\junit-jupiter-api-5.10.2.jar;D:\maven-local-repository\org\opentest4j\opentest4j\1.3.0\opentest4j-1.3.0.jar;D:\maven-local-repository\org\junit\platform\junit-platform-commons\1.10.2\junit-platform-commons-1.10.2.jar;D:\maven-local-repository\org\apiguardian\apiguardian-api\1.1.2\apiguardian-api-1.1.2.jar;D:\maven-local-repository\org\junit\jupiter\junit-jupiter-params\5.10.2\junit-jupiter-params-5.10.2.jar;D:\maven-local-repository\org\junit\jupiter\junit-jupiter-engine\5.10.2\junit-jupiter-engine-5.10.2.jar;D:\maven-local-repository\org\junit\platform\junit-platform-engine\1.10.2\junit-platform-engine-1.10.2.jar;D:\maven-local-repository\org\mockito\mockito-core\5.7.0\mockito-core-5.7.0.jar;D:\maven-local-repository\net\bytebuddy\byte-buddy-agent\1.14.13\byte-buddy-agent-1.14.13.jar;D:\maven-local-repository\org\objenesis\objenesis\3.3\objenesis-3.3.jar;D:\maven-local-repository\org\mockito\mockito-junit-jupiter\5.7.0\mockito-junit-jupiter-5.7.0.jar;D:\maven-local-repository\org\skyscreamer\jsonassert\1.5.1\jsonassert-1.5.1.jar;D:\maven-local-repository\com\vaadin\external\google\android-json\0.0.20131108.vaadin1\android-json-0.0.20131108.vaadin1.jar;D:\maven-local-repository\org\springframework\spring-core\6.1.6\spring-core-6.1.6.jar;D:\maven-local-repository\org\springframework\spring-jcl\6.1.6\spring-jcl-6.1.6.jar;D:\maven-local-repository\org\springframework\spring-test\6.1.6\spring-test-6.1.6.jar;D:\maven-local-repository\org\xmlunit\xmlunit-core\2.9.1\xmlunit-core-2.9.1.jar;D:\maven-local-repository\com\h2database\h2\2.2.224\h2-2.2.224.jar;"/>
    <property name="java.vm.vendor" value="Oracle Corporation"/>
    <property name="sun.arch.data.model" value="64"/>
    <property name="user.variant" value=""/>
    <property name="java.vendor.url" value="https://java.oracle.com/"/>
    <property name="user.timezone" value="Asia/Shanghai"/>
    <property name="org.jboss.logging.provider" value="slf4j"/>
    <property name="os.name" value="Windows 10"/>
    <property name="java.vm.specification.version" value="17"/>
    <property name="sun.java.launcher" value="SUN_STANDARD"/>
    <property name="user.country" value="CN"/>
    <property name="sun.boot.library.path" value="C:\Users\ikeife\.jabba\jdk\default\bin"/>
    <property name="sun.java.command" value="C:\Users\ikeife\AppData\Local\Temp\surefire12756015936036913574\surefirebooter-20250809143738044_22.jar C:\Users\ikeife\AppData\Local\Temp\surefire12756015936036913574 2025-08-09T14-37-01_720-jvmRun1 surefire-20250809143738044_20tmp surefire_5-20250809143738044_21tmp"/>
    <property name="jdk.debug" value="release"/>
    <property name="surefire.test.class.path" value="E:\github\springaialibaba-example\forum-post\target\test-classes;E:\github\springaialibaba-example\forum-post\target\classes;D:\maven-local-repository\org\springframework\boot\spring-boot-starter-web\3.2.5\spring-boot-starter-web-3.2.5.jar;D:\maven-local-repository\org\springframework\boot\spring-boot-starter\3.2.5\spring-boot-starter-3.2.5.jar;D:\maven-local-repository\org\springframework\boot\spring-boot\3.2.5\spring-boot-3.2.5.jar;D:\maven-local-repository\org\springframework\boot\spring-boot-starter-logging\3.2.5\spring-boot-starter-logging-3.2.5.jar;D:\maven-local-repository\ch\qos\logback\logback-classic\1.4.14\logback-classic-1.4.14.jar;D:\maven-local-repository\ch\qos\logback\logback-core\1.4.14\logback-core-1.4.14.jar;D:\maven-local-repository\org\apache\logging\log4j\log4j-to-slf4j\2.21.1\log4j-to-slf4j-2.21.1.jar;D:\maven-local-repository\org\apache\logging\log4j\log4j-api\2.21.1\log4j-api-2.21.1.jar;D:\maven-local-repository\org\slf4j\jul-to-slf4j\2.0.13\jul-to-slf4j-2.0.13.jar;D:\maven-local-repository\jakarta\annotation\jakarta.annotation-api\2.1.1\jakarta.annotation-api-2.1.1.jar;D:\maven-local-repository\org\yaml\snakeyaml\2.2\snakeyaml-2.2.jar;D:\maven-local-repository\org\springframework\boot\spring-boot-starter-json\3.2.5\spring-boot-starter-json-3.2.5.jar;D:\maven-local-repository\com\fasterxml\jackson\core\jackson-databind\2.15.4\jackson-databind-2.15.4.jar;D:\maven-local-repository\com\fasterxml\jackson\core\jackson-annotations\2.15.4\jackson-annotations-2.15.4.jar;D:\maven-local-repository\com\fasterxml\jackson\datatype\jackson-datatype-jdk8\2.15.4\jackson-datatype-jdk8-2.15.4.jar;D:\maven-local-repository\com\fasterxml\jackson\datatype\jackson-datatype-jsr310\2.15.4\jackson-datatype-jsr310-2.15.4.jar;D:\maven-local-repository\com\fasterxml\jackson\module\jackson-module-parameter-names\2.15.4\jackson-module-parameter-names-2.15.4.jar;D:\maven-local-repository\org\springframework\boot\spring-boot-starter-tomcat\3.2.5\spring-boot-starter-tomcat-3.2.5.jar;D:\maven-local-repository\org\apache\tomcat\embed\tomcat-embed-core\10.1.20\tomcat-embed-core-10.1.20.jar;D:\maven-local-repository\org\apache\tomcat\embed\tomcat-embed-el\10.1.20\tomcat-embed-el-10.1.20.jar;D:\maven-local-repository\org\apache\tomcat\embed\tomcat-embed-websocket\10.1.20\tomcat-embed-websocket-10.1.20.jar;D:\maven-local-repository\org\springframework\spring-web\6.1.6\spring-web-6.1.6.jar;D:\maven-local-repository\org\springframework\spring-beans\6.1.6\spring-beans-6.1.6.jar;D:\maven-local-repository\io\micrometer\micrometer-observation\1.12.5\micrometer-observation-1.12.5.jar;D:\maven-local-repository\io\micrometer\micrometer-commons\1.12.5\micrometer-commons-1.12.5.jar;D:\maven-local-repository\org\springframework\spring-webmvc\6.1.6\spring-webmvc-6.1.6.jar;D:\maven-local-repository\org\springframework\spring-aop\6.1.6\spring-aop-6.1.6.jar;D:\maven-local-repository\org\springframework\spring-context\6.1.6\spring-context-6.1.6.jar;D:\maven-local-repository\org\springframework\spring-expression\6.1.6\spring-expression-6.1.6.jar;D:\maven-local-repository\com\alibaba\cloud\spring-cloud-starter-alibaba-nacos-discovery\2023.0.1.0\spring-cloud-starter-alibaba-nacos-discovery-2023.0.1.0.jar;D:\maven-local-repository\com\alibaba\cloud\spring-cloud-alibaba-commons\2023.0.1.0\spring-cloud-alibaba-commons-2023.0.1.0.jar;D:\maven-local-repository\com\alibaba\nacos\nacos-client\2.3.2\nacos-client-2.3.2.jar;D:\maven-local-repository\com\alibaba\nacos\nacos-auth-plugin\2.3.2\nacos-auth-plugin-2.3.2.jar;D:\maven-local-repository\com\alibaba\nacos\nacos-encryption-plugin\2.3.2\nacos-encryption-plugin-2.3.2.jar;D:\maven-local-repository\commons-codec\commons-codec\1.16.1\commons-codec-1.16.1.jar;D:\maven-local-repository\com\fasterxml\jackson\core\jackson-core\2.15.4\jackson-core-2.15.4.jar;D:\maven-local-repository\org\apache\httpcomponents\httpasyncclient\4.1.5\httpasyncclient-4.1.5.jar;D:\maven-local-repository\org\apache\httpcomponents\httpcore-nio\4.4.16\httpcore-nio-4.4.16.jar;D:\maven-local-repository\org\apache\httpcomponents\httpclient\4.5.13\httpclient-4.5.13.jar;D:\maven-local-repository\org\apache\httpcomponents\httpcore\4.4.16\httpcore-4.4.16.jar;D:\maven-local-repository\io\prometheus\simpleclient\0.16.0\simpleclient-0.16.0.jar;D:\maven-local-repository\io\prometheus\simpleclient_tracer_otel\0.16.0\simpleclient_tracer_otel-0.16.0.jar;D:\maven-local-repository\io\prometheus\simpleclient_tracer_common\0.16.0\simpleclient_tracer_common-0.16.0.jar;D:\maven-local-repository\io\prometheus\simpleclient_tracer_otel_agent\0.16.0\simpleclient_tracer_otel_agent-0.16.0.jar;D:\maven-local-repository\io\micrometer\micrometer-core\1.12.5\micrometer-core-1.12.5.jar;D:\maven-local-repository\org\hdrhistogram\HdrHistogram\2.1.12\HdrHistogram-2.1.12.jar;D:\maven-local-repository\org\latencyutils\LatencyUtils\2.0.3\LatencyUtils-2.0.3.jar;D:\maven-local-repository\com\alibaba\spring\spring-context-support\1.0.11\spring-context-support-1.0.11.jar;D:\maven-local-repository\org\springframework\cloud\spring-cloud-commons\4.1.2\spring-cloud-commons-4.1.2.jar;D:\maven-local-repository\org\springframework\security\spring-security-crypto\6.2.4\spring-security-crypto-6.2.4.jar;D:\maven-local-repository\org\springframework\cloud\spring-cloud-context\4.1.2\spring-cloud-context-4.1.2.jar;D:\maven-local-repository\com\mysql\mysql-connector-j\8.0.33\mysql-connector-j-8.0.33.jar;D:\maven-local-repository\com\google\protobuf\protobuf-java\3.21.9\protobuf-java-3.21.9.jar;D:\maven-local-repository\com\alibaba\druid-spring-boot-starter\1.2.22\druid-spring-boot-starter-1.2.22.jar;D:\maven-local-repository\com\alibaba\druid\1.2.22\druid-1.2.22.jar;D:\maven-local-repository\org\slf4j\slf4j-api\2.0.13\slf4j-api-2.0.13.jar;D:\maven-local-repository\org\springframework\boot\spring-boot-autoconfigure\3.2.5\spring-boot-autoconfigure-3.2.5.jar;D:\maven-local-repository\org\glassfish\jaxb\jaxb-runtime\4.0.5\jaxb-runtime-4.0.5.jar;D:\maven-local-repository\org\glassfish\jaxb\jaxb-core\4.0.5\jaxb-core-4.0.5.jar;D:\maven-local-repository\org\eclipse\angus\angus-activation\2.0.2\angus-activation-2.0.2.jar;D:\maven-local-repository\org\glassfish\jaxb\txw2\4.0.5\txw2-4.0.5.jar;D:\maven-local-repository\com\sun\istack\istack-commons-runtime\4.1.2\istack-commons-runtime-4.1.2.jar;D:\maven-local-repository\com\baomidou\mybatis-plus-boot-starter\3.5.6\mybatis-plus-boot-starter-3.5.6.jar;D:\maven-local-repository\com\baomidou\mybatis-plus\3.5.6\mybatis-plus-3.5.6.jar;D:\maven-local-repository\com\baomidou\mybatis-plus-core\3.5.6\mybatis-plus-core-3.5.6.jar;D:\maven-local-repository\com\baomidou\mybatis-plus-annotation\3.5.6\mybatis-plus-annotation-3.5.6.jar;D:\maven-local-repository\com\baomidou\mybatis-plus-extension\3.5.6\mybatis-plus-extension-3.5.6.jar;D:\maven-local-repository\org\mybatis\mybatis\3.5.16\mybatis-3.5.16.jar;D:\maven-local-repository\com\github\jsqlparser\jsqlparser\4.9\jsqlparser-4.9.jar;D:\maven-local-repository\org\mybatis\mybatis-spring\2.1.2\mybatis-spring-2.1.2.jar;D:\maven-local-repository\com\baomidou\mybatis-plus-spring-boot-autoconfigure\3.5.6\mybatis-plus-spring-boot-autoconfigure-3.5.6.jar;D:\maven-local-repository\org\springframework\boot\spring-boot-starter-jdbc\3.2.5\spring-boot-starter-jdbc-3.2.5.jar;D:\maven-local-repository\com\zaxxer\HikariCP\5.0.1\HikariCP-5.0.1.jar;D:\maven-local-repository\org\springframework\spring-jdbc\6.1.6\spring-jdbc-6.1.6.jar;D:\maven-local-repository\org\springframework\boot\spring-boot-starter-data-redis\3.2.5\spring-boot-starter-data-redis-3.2.5.jar;D:\maven-local-repository\io\lettuce\lettuce-core\6.3.2.RELEASE\lettuce-core-6.3.2.RELEASE.jar;D:\maven-local-repository\io\netty\netty-common\4.1.109.Final\netty-common-4.1.109.Final.jar;D:\maven-local-repository\io\netty\netty-handler\4.1.109.Final\netty-handler-4.1.109.Final.jar;D:\maven-local-repository\io\netty\netty-resolver\4.1.109.Final\netty-resolver-4.1.109.Final.jar;D:\maven-local-repository\io\netty\netty-buffer\4.1.109.Final\netty-buffer-4.1.109.Final.jar;D:\maven-local-repository\io\netty\netty-transport-native-unix-common\4.1.109.Final\netty-transport-native-unix-common-4.1.109.Final.jar;D:\maven-local-repository\io\netty\netty-codec\4.1.109.Final\netty-codec-4.1.109.Final.jar;D:\maven-local-repository\io\netty\netty-transport\4.1.109.Final\netty-transport-4.1.109.Final.jar;D:\maven-local-repository\io\projectreactor\reactor-core\3.6.5\reactor-core-3.6.5.jar;D:\maven-local-repository\org\reactivestreams\reactive-streams\1.0.4\reactive-streams-1.0.4.jar;D:\maven-local-repository\org\springframework\data\spring-data-redis\3.2.5\spring-data-redis-3.2.5.jar;D:\maven-local-repository\org\springframework\data\spring-data-keyvalue\3.2.5\spring-data-keyvalue-3.2.5.jar;D:\maven-local-repository\org\springframework\data\spring-data-commons\3.2.5\spring-data-commons-3.2.5.jar;D:\maven-local-repository\org\springframework\spring-tx\6.1.6\spring-tx-6.1.6.jar;D:\maven-local-repository\org\springframework\spring-oxm\6.1.6\spring-oxm-6.1.6.jar;D:\maven-local-repository\org\springframework\spring-context-support\6.1.6\spring-context-support-6.1.6.jar;D:\maven-local-repository\org\springframework\cloud\spring-cloud-starter-openfeign\4.1.1\spring-cloud-starter-openfeign-4.1.1.jar;D:\maven-local-repository\org\springframework\cloud\spring-cloud-starter\4.1.2\spring-cloud-starter-4.1.2.jar;D:\maven-local-repository\org\springframework\security\spring-security-rsa\1.1.2\spring-security-rsa-1.1.2.jar;D:\maven-local-repository\org\bouncycastle\bcprov-jdk18on\1.77\bcprov-jdk18on-1.77.jar;D:\maven-local-repository\org\springframework\cloud\spring-cloud-openfeign-core\4.1.1\spring-cloud-openfeign-core-4.1.1.jar;D:\maven-local-repository\org\springframework\boot\spring-boot-starter-aop\3.2.5\spring-boot-starter-aop-3.2.5.jar;D:\maven-local-repository\org\aspectj\aspectjweaver\1.9.22\aspectjweaver-1.9.22.jar;D:\maven-local-repository\io\github\openfeign\form\feign-form-spring\3.8.0\feign-form-spring-3.8.0.jar;D:\maven-local-repository\io\github\openfeign\form\feign-form\3.8.0\feign-form-3.8.0.jar;D:\maven-local-repository\commons-fileupload\commons-fileupload\1.5\commons-fileupload-1.5.jar;D:\maven-local-repository\commons-io\commons-io\2.11.0\commons-io-2.11.0.jar;D:\maven-local-repository\io\github\openfeign\feign-core\13.2.1\feign-core-13.2.1.jar;D:\maven-local-repository\io\github\openfeign\feign-slf4j\13.2.1\feign-slf4j-13.2.1.jar;D:\maven-local-repository\org\apache\rocketmq\rocketmq-spring-boot-starter\2.3.0\rocketmq-spring-boot-starter-2.3.0.jar;D:\maven-local-repository\org\apache\rocketmq\rocketmq-spring-boot\2.3.0\rocketmq-spring-boot-2.3.0.jar;D:\maven-local-repository\org\apache\rocketmq\rocketmq-client\5.1.4\rocketmq-client-5.1.4.jar;D:\maven-local-repository\org\apache\rocketmq\rocketmq-remoting\5.1.4\rocketmq-remoting-5.1.4.jar;D:\maven-local-repository\org\apache\commons\commons-lang3\3.13.0\commons-lang3-3.13.0.jar;D:\maven-local-repository\com\google\guava\guava\31.1-jre\guava-31.1-jre.jar;D:\maven-local-repository\com\google\guava\failureaccess\1.0.1\failureaccess-1.0.1.jar;D:\maven-local-repository\com\google\guava\listenablefuture\9999.0-empty-to-avoid-conflict-with-guava\listenablefuture-9999.0-empty-to-avoid-conflict-with-guava.jar;D:\maven-local-repository\com\google\code\findbugs\jsr305\3.0.2\jsr305-3.0.2.jar;D:\maven-local-repository\org\checkerframework\checker-qual\3.12.0\checker-qual-3.12.0.jar;D:\maven-local-repository\com\google\j2objc\j2objc-annotations\1.3\j2objc-annotations-1.3.jar;D:\maven-local-repository\io\github\aliyunmq\rocketmq-slf4j-api\1.0.1\rocketmq-slf4j-api-1.0.1.jar;D:\maven-local-repository\io\github\aliyunmq\rocketmq-logback-classic\1.0.1\rocketmq-logback-classic-1.0.1.jar;D:\maven-local-repository\org\apache\rocketmq\rocketmq-acl\5.1.4\rocketmq-acl-5.1.4.jar;D:\maven-local-repository\org\apache\rocketmq\rocketmq-proto\2.0.3\rocketmq-proto-2.0.3.jar;D:\maven-local-repository\org\apache\rocketmq\rocketmq-common\5.1.4\rocketmq-common-5.1.4.jar;D:\maven-local-repository\com\alibaba\fastjson\1.2.83\fastjson-1.2.83.jar;D:\maven-local-repository\io\netty\netty-all\4.1.109.Final\netty-all-4.1.109.Final.jar;D:\maven-local-repository\io\netty\netty-codec-dns\4.1.109.Final\netty-codec-dns-4.1.109.Final.jar;D:\maven-local-repository\io\netty\netty-codec-haproxy\4.1.109.Final\netty-codec-haproxy-4.1.109.Final.jar;D:\maven-local-repository\io\netty\netty-codec-http\4.1.109.Final\netty-codec-http-4.1.109.Final.jar;D:\maven-local-repository\io\netty\netty-codec-http2\4.1.109.Final\netty-codec-http2-4.1.109.Final.jar;D:\maven-local-repository\io\netty\netty-codec-memcache\4.1.109.Final\netty-codec-memcache-4.1.109.Final.jar;D:\maven-local-repository\io\netty\netty-codec-mqtt\4.1.109.Final\netty-codec-mqtt-4.1.109.Final.jar;D:\maven-local-repository\io\netty\netty-codec-redis\4.1.109.Final\netty-codec-redis-4.1.109.Final.jar;D:\maven-local-repository\io\netty\netty-codec-smtp\4.1.109.Final\netty-codec-smtp-4.1.109.Final.jar;D:\maven-local-repository\io\netty\netty-codec-socks\4.1.109.Final\netty-codec-socks-4.1.109.Final.jar;D:\maven-local-repository\io\netty\netty-codec-stomp\4.1.109.Final\netty-codec-stomp-4.1.109.Final.jar;D:\maven-local-repository\io\netty\netty-codec-xml\4.1.109.Final\netty-codec-xml-4.1.109.Final.jar;D:\maven-local-repository\io\netty\netty-handler-proxy\4.1.109.Final\netty-handler-proxy-4.1.109.Final.jar;D:\maven-local-repository\io\netty\netty-handler-ssl-ocsp\4.1.109.Final\netty-handler-ssl-ocsp-4.1.109.Final.jar;D:\maven-local-repository\io\netty\netty-resolver-dns\4.1.109.Final\netty-resolver-dns-4.1.109.Final.jar;D:\maven-local-repository\io\netty\netty-transport-rxtx\4.1.109.Final\netty-transport-rxtx-4.1.109.Final.jar;D:\maven-local-repository\io\netty\netty-transport-sctp\4.1.109.Final\netty-transport-sctp-4.1.109.Final.jar;D:\maven-local-repository\io\netty\netty-transport-udt\4.1.109.Final\netty-transport-udt-4.1.109.Final.jar;D:\maven-local-repository\io\netty\netty-transport-classes-epoll\4.1.109.Final\netty-transport-classes-epoll-4.1.109.Final.jar;D:\maven-local-repository\io\netty\netty-transport-classes-kqueue\4.1.109.Final\netty-transport-classes-kqueue-4.1.109.Final.jar;D:\maven-local-repository\io\netty\netty-resolver-dns-classes-macos\4.1.109.Final\netty-resolver-dns-classes-macos-4.1.109.Final.jar;D:\maven-local-repository\io\netty\netty-transport-native-epoll\4.1.109.Final\netty-transport-native-epoll-4.1.109.Final-linux-x86_64.jar;D:\maven-local-repository\io\netty\netty-transport-native-epoll\4.1.109.Final\netty-transport-native-epoll-4.1.109.Final-linux-aarch_64.jar;D:\maven-local-repository\io\netty\netty-transport-native-epoll\4.1.109.Final\netty-transport-native-epoll-4.1.109.Final-linux-riscv64.jar;D:\maven-local-repository\io\netty\netty-transport-native-kqueue\4.1.109.Final\netty-transport-native-kqueue-4.1.109.Final-osx-x86_64.jar;D:\maven-local-repository\io\netty\netty-transport-native-kqueue\4.1.109.Final\netty-transport-native-kqueue-4.1.109.Final-osx-aarch_64.jar;D:\maven-local-repository\io\netty\netty-resolver-dns-native-macos\4.1.109.Final\netty-resolver-dns-native-macos-4.1.109.Final-osx-x86_64.jar;D:\maven-local-repository\io\netty\netty-resolver-dns-native-macos\4.1.109.Final\netty-resolver-dns-native-macos-4.1.109.Final-osx-aarch_64.jar;D:\maven-local-repository\com\github\luben\zstd-jni\1.5.2-2\zstd-jni-1.5.2-2.jar;D:\maven-local-repository\org\lz4\lz4-java\1.8.0\lz4-java-1.8.0.jar;D:\maven-local-repository\io\opentelemetry\opentelemetry-exporter-otlp\1.31.0\opentelemetry-exporter-otlp-1.31.0.jar;D:\maven-local-repository\io\opentelemetry\opentelemetry-sdk-trace\1.31.0\opentelemetry-sdk-trace-1.31.0.jar;D:\maven-local-repository\io\opentelemetry\opentelemetry-sdk-metrics\1.31.0\opentelemetry-sdk-metrics-1.31.0.jar;D:\maven-local-repository\io\opentelemetry\opentelemetry-extension-incubator\1.31.0-alpha\opentelemetry-extension-incubator-1.31.0-alpha.jar;D:\maven-local-repository\io\opentelemetry\opentelemetry-sdk-logs\1.31.0\opentelemetry-sdk-logs-1.31.0.jar;D:\maven-local-repository\io\opentelemetry\opentelemetry-api-events\1.31.0-alpha\opentelemetry-api-events-1.31.0-alpha.jar;D:\maven-local-repository\io\opentelemetry\opentelemetry-exporter-otlp-common\1.31.0\opentelemetry-exporter-otlp-common-1.31.0.jar;D:\maven-local-repository\io\opentelemetry\opentelemetry-exporter-common\1.31.0\opentelemetry-exporter-common-1.31.0.jar;D:\maven-local-repository\io\opentelemetry\opentelemetry-exporter-sender-okhttp\1.31.0\opentelemetry-exporter-sender-okhttp-1.31.0.jar;D:\maven-local-repository\com\squareup\okhttp3\okhttp\4.12.0\okhttp-4.12.0.jar;D:\maven-local-repository\com\squareup\okio\okio\3.6.0\okio-3.6.0.jar;D:\maven-local-repository\org\jetbrains\kotlin\kotlin-stdlib-jdk8\1.9.23\kotlin-stdlib-jdk8-1.9.23.jar;D:\maven-local-repository\org\jetbrains\kotlin\kotlin-stdlib\1.9.23\kotlin-stdlib-1.9.23.jar;D:\maven-local-repository\org\jetbrains\annotations\13.0\annotations-13.0.jar;D:\maven-local-repository\org\jetbrains\kotlin\kotlin-stdlib-jdk7\1.9.23\kotlin-stdlib-jdk7-1.9.23.jar;D:\maven-local-repository\io\opentelemetry\opentelemetry-sdk-extension-autoconfigure-spi\1.31.0\opentelemetry-sdk-extension-autoconfigure-spi-1.31.0.jar;D:\maven-local-repository\io\opentelemetry\opentelemetry-exporter-prometheus\1.29.0-alpha\opentelemetry-exporter-prometheus-1.29.0-alpha.jar;D:\maven-local-repository\io\opentelemetry\opentelemetry-exporter-logging\1.31.0\opentelemetry-exporter-logging-1.31.0.jar;D:\maven-local-repository\io\opentelemetry\opentelemetry-sdk\1.31.0\opentelemetry-sdk-1.31.0.jar;D:\maven-local-repository\io\opentelemetry\opentelemetry-api\1.31.0\opentelemetry-api-1.31.0.jar;D:\maven-local-repository\io\opentelemetry\opentelemetry-context\1.31.0\opentelemetry-context-1.31.0.jar;D:\maven-local-repository\io\opentelemetry\opentelemetry-sdk-common\1.31.0\opentelemetry-sdk-common-1.31.0.jar;D:\maven-local-repository\io\opentelemetry\opentelemetry-exporter-logging-otlp\1.31.0\opentelemetry-exporter-logging-otlp-1.31.0.jar;D:\maven-local-repository\io\grpc\grpc-stub\1.50.0\grpc-stub-1.50.0.jar;D:\maven-local-repository\io\grpc\grpc-api\1.50.0\grpc-api-1.50.0.jar;D:\maven-local-repository\io\grpc\grpc-context\1.50.0\grpc-context-1.50.0.jar;D:\maven-local-repository\com\google\errorprone\error_prone_annotations\2.14.0\error_prone_annotations-2.14.0.jar;D:\maven-local-repository\io\grpc\grpc-netty-shaded\1.50.0\grpc-netty-shaded-1.50.0.jar;D:\maven-local-repository\io\perfmark\perfmark-api\0.25.0\perfmark-api-0.25.0.jar;D:\maven-local-repository\io\grpc\grpc-core\1.50.0\grpc-core-1.50.0.jar;D:\maven-local-repository\com\google\code\gson\gson\2.10.1\gson-2.10.1.jar;D:\maven-local-repository\com\google\android\annotations\4.1.1.4\annotations-4.1.1.4.jar;D:\maven-local-repository\org\codehaus\mojo\animal-sniffer-annotations\1.21\animal-sniffer-annotations-1.21.jar;D:\maven-local-repository\com\squareup\okio\okio-jvm\3.0.0\okio-jvm-3.0.0.jar;D:\maven-local-repository\io\github\aliyunmq\rocketmq-rocksdb\1.0.3\rocketmq-rocksdb-1.0.3.jar;D:\maven-local-repository\org\apache\rocketmq\rocketmq-srvutil\5.1.4\rocketmq-srvutil-5.1.4.jar;D:\maven-local-repository\commons-cli\commons-cli\1.5.0\commons-cli-1.5.0.jar;D:\maven-local-repository\com\googlecode\concurrentlinkedhashmap\concurrentlinkedhashmap-lru\1.4.2\concurrentlinkedhashmap-lru-1.4.2.jar;D:\maven-local-repository\commons-validator\commons-validator\1.7\commons-validator-1.7.jar;D:\maven-local-repository\commons-beanutils\commons-beanutils\1.9.4\commons-beanutils-1.9.4.jar;D:\maven-local-repository\commons-digester\commons-digester\2.1\commons-digester-2.1.jar;D:\maven-local-repository\commons-logging\commons-logging\1.2\commons-logging-1.2.jar;D:\maven-local-repository\commons-collections\commons-collections\3.2.2\commons-collections-3.2.2.jar;D:\maven-local-repository\com\google\protobuf\protobuf-java-util\3.20.1\protobuf-java-util-3.20.1.jar;D:\maven-local-repository\org\springframework\spring-messaging\6.1.6\spring-messaging-6.1.6.jar;D:\maven-local-repository\org\springframework\boot\spring-boot-starter-validation\3.2.5\spring-boot-starter-validation-3.2.5.jar;D:\maven-local-repository\org\hibernate\validator\hibernate-validator\8.0.1.Final\hibernate-validator-8.0.1.Final.jar;D:\maven-local-repository\jakarta\validation\jakarta.validation-api\3.0.2\jakarta.validation-api-3.0.2.jar;D:\maven-local-repository\org\jboss\logging\jboss-logging\3.5.3.Final\jboss-logging-3.5.3.Final.jar;D:\maven-local-repository\com\fasterxml\classmate\1.6.0\classmate-1.6.0.jar;E:\github\springaialibaba-example\forum-common\target\forum-common-1.0.0.jar;D:\maven-local-repository\com\alibaba\fastjson2\fastjson2\2.0.43\fastjson2-2.0.43.jar;D:\maven-local-repository\cn\hutool\hutool-all\5.8.26\hutool-all-5.8.26.jar;D:\maven-local-repository\com\github\xiaoymin\knife4j-openapi3-jakarta-spring-boot-starter\4.5.0\knife4j-openapi3-jakarta-spring-boot-starter-4.5.0.jar;D:\maven-local-repository\com\github\xiaoymin\knife4j-core\4.5.0\knife4j-core-4.5.0.jar;D:\maven-local-repository\com\github\xiaoymin\knife4j-openapi3-ui\4.5.0\knife4j-openapi3-ui-4.5.0.jar;D:\maven-local-repository\org\springdoc\springdoc-openapi-starter-webmvc-ui\2.3.0\springdoc-openapi-starter-webmvc-ui-2.3.0.jar;D:\maven-local-repository\org\springdoc\springdoc-openapi-starter-webmvc-api\2.3.0\springdoc-openapi-starter-webmvc-api-2.3.0.jar;D:\maven-local-repository\org\springdoc\springdoc-openapi-starter-common\2.3.0\springdoc-openapi-starter-common-2.3.0.jar;D:\maven-local-repository\io\swagger\core\v3\swagger-core-jakarta\2.2.19\swagger-core-jakarta-2.2.19.jar;D:\maven-local-repository\io\swagger\core\v3\swagger-annotations-jakarta\2.2.19\swagger-annotations-jakarta-2.2.19.jar;D:\maven-local-repository\io\swagger\core\v3\swagger-models-jakarta\2.2.19\swagger-models-jakarta-2.2.19.jar;D:\maven-local-repository\com\fasterxml\jackson\dataformat\jackson-dataformat-yaml\2.15.4\jackson-dataformat-yaml-2.15.4.jar;D:\maven-local-repository\org\webjars\swagger-ui\5.10.3\swagger-ui-5.10.3.jar;D:\maven-local-repository\io\jsonwebtoken\jjwt-api\0.12.5\jjwt-api-0.12.5.jar;D:\maven-local-repository\org\springframework\boot\spring-boot-starter-test\3.2.5\spring-boot-starter-test-3.2.5.jar;D:\maven-local-repository\org\springframework\boot\spring-boot-test\3.2.5\spring-boot-test-3.2.5.jar;D:\maven-local-repository\org\springframework\boot\spring-boot-test-autoconfigure\3.2.5\spring-boot-test-autoconfigure-3.2.5.jar;D:\maven-local-repository\com\jayway\jsonpath\json-path\2.9.0\json-path-2.9.0.jar;D:\maven-local-repository\jakarta\xml\bind\jakarta.xml.bind-api\4.0.2\jakarta.xml.bind-api-4.0.2.jar;D:\maven-local-repository\jakarta\activation\jakarta.activation-api\2.1.3\jakarta.activation-api-2.1.3.jar;D:\maven-local-repository\net\minidev\json-smart\2.5.1\json-smart-2.5.1.jar;D:\maven-local-repository\net\minidev\accessors-smart\2.5.1\accessors-smart-2.5.1.jar;D:\maven-local-repository\org\ow2\asm\asm\9.6\asm-9.6.jar;D:\maven-local-repository\org\assertj\assertj-core\3.24.2\assertj-core-3.24.2.jar;D:\maven-local-repository\net\bytebuddy\byte-buddy\1.14.13\byte-buddy-1.14.13.jar;D:\maven-local-repository\org\awaitility\awaitility\4.2.1\awaitility-4.2.1.jar;D:\maven-local-repository\org\hamcrest\hamcrest\2.2\hamcrest-2.2.jar;D:\maven-local-repository\org\junit\jupiter\junit-jupiter\5.10.2\junit-jupiter-5.10.2.jar;D:\maven-local-repository\org\junit\jupiter\junit-jupiter-api\5.10.2\junit-jupiter-api-5.10.2.jar;D:\maven-local-repository\org\opentest4j\opentest4j\1.3.0\opentest4j-1.3.0.jar;D:\maven-local-repository\org\junit\platform\junit-platform-commons\1.10.2\junit-platform-commons-1.10.2.jar;D:\maven-local-repository\org\apiguardian\apiguardian-api\1.1.2\apiguardian-api-1.1.2.jar;D:\maven-local-repository\org\junit\jupiter\junit-jupiter-params\5.10.2\junit-jupiter-params-5.10.2.jar;D:\maven-local-repository\org\junit\jupiter\junit-jupiter-engine\5.10.2\junit-jupiter-engine-5.10.2.jar;D:\maven-local-repository\org\junit\platform\junit-platform-engine\1.10.2\junit-platform-engine-1.10.2.jar;D:\maven-local-repository\org\mockito\mockito-core\5.7.0\mockito-core-5.7.0.jar;D:\maven-local-repository\net\bytebuddy\byte-buddy-agent\1.14.13\byte-buddy-agent-1.14.13.jar;D:\maven-local-repository\org\objenesis\objenesis\3.3\objenesis-3.3.jar;D:\maven-local-repository\org\mockito\mockito-junit-jupiter\5.7.0\mockito-junit-jupiter-5.7.0.jar;D:\maven-local-repository\org\skyscreamer\jsonassert\1.5.1\jsonassert-1.5.1.jar;D:\maven-local-repository\com\vaadin\external\google\android-json\0.0.20131108.vaadin1\android-json-0.0.20131108.vaadin1.jar;D:\maven-local-repository\org\springframework\spring-core\6.1.6\spring-core-6.1.6.jar;D:\maven-local-repository\org\springframework\spring-jcl\6.1.6\spring-jcl-6.1.6.jar;D:\maven-local-repository\org\springframework\spring-test\6.1.6\spring-test-6.1.6.jar;D:\maven-local-repository\org\xmlunit\xmlunit-core\2.9.1\xmlunit-core-2.9.1.jar;D:\maven-local-repository\com\h2database\h2\2.2.224\h2-2.2.224.jar;"/>
    <property name="sun.cpu.endian" value="little"/>
    <property name="user.home" value="C:\Users\ikeife"/>
    <property name="user.language" value="zh"/>
    <property name="java.specification.vendor" value="Oracle Corporation"/>
    <property name="java.version.date" value="2021-09-14"/>
    <property name="java.home" value="C:\Users\ikeife\.jabba\jdk\default"/>
    <property name="file.separator" value="\"/>
    <property name="basedir" value="E:\github\springaialibaba-example\forum-post"/>
    <property name="java.vm.compressedOopsMode" value="Zero based"/>
    <property name="line.separator" value="&#10;"/>
    <property name="java.vm.specification.vendor" value="Oracle Corporation"/>
    <property name="java.specification.name" value="Java Platform API Specification"/>
    <property name="FILE_LOG_CHARSET" value="GBK"/>
    <property name="java.awt.headless" value="true"/>
    <property name="surefire.real.class.path" value="C:\Users\ikeife\AppData\Local\Temp\surefire12756015936036913574\surefirebooter-20250809143738044_22.jar"/>
    <property name="user.script" value=""/>
    <property name="sun.management.compiler" value="HotSpot 64-Bit Tiered Compilers"/>
    <property name="java.runtime.version" value="17+35-2724"/>
    <property name="user.name" value="ikeife"/>
    <property name="path.separator" value=";"/>
    <property name="os.version" value="10.0"/>
    <property name="java.runtime.name" value="OpenJDK Runtime Environment"/>
    <property name="file.encoding" value="GBK"/>
    <property name="java.vm.name" value="OpenJDK 64-Bit Server VM"/>
    <property name="localRepository" value="D:\maven-local-repository"/>
    <property name="java.vendor.url.bug" value="https://bugreport.java.com/bugreport/"/>
    <property name="java.io.tmpdir" value="C:\Users\ikeife\AppData\Local\Temp\"/>
    <property name="java.version" value="17"/>
    <property name="user.dir" value="E:\github\springaialibaba-example\forum-post"/>
    <property name="os.arch" value="amd64"/>
    <property name="java.vm.specification.name" value="Java Virtual Machine Specification"/>
    <property name="PID" value="14404"/>
    <property name="sun.os.patch.level" value=""/>
    <property name="CONSOLE_LOG_CHARSET" value="GBK"/>
    <property name="native.encoding" value="GBK"/>
    <property name="java.library.path" value="C:\Users\ikeife\.jabba\jdk\default\bin;C:\Windows\Sun\Java\bin;C:\Windows\system32;C:\Windows;C:\Program Files\Python311\Scripts\;C:\Program Files\Python311\;D:\path\mvnd\maven-mvnd-1.0.2-windows-amd64\bin;C:\Users\ikeife\AppData\Local\Programs\Python\Python314\Scripts;C:\Users\ikeife\.jabba\jdk\default\bin;C:\Users\ikeife\.jabba\jdk\default\bin;D:\apache-maven-3.9.6-bin (2)\apache-maven-3.9.6\bin;C:\nvm4w\nodejs;D:\path\nvm\nvm;D:\cursor\resources\app\bin;C:\Users\ikeife\AppData\Roaming\npm;C:\Users\ikeife\AppData\Local\Programs\Microsoft VS Code\bin;C:\Users\ikeife\AppData\Local\Programs\Microsoft VS Code\bin;C:\Users\ikeife\scoop\shims;C:\Users\ikeife\AppData\Local\Programs\oh-my-posh\bin\;C:\Users\ikeife\AppData\Local\Programs\Python\Python314\;D:\Bandizip;D:\apache-tomcat-10.1.24-windows-x64\apache-tomcat-10.1.24\bin;D:\Process Lasso\;C:\Program Files (x86)\Microsoft SQL Server\160\Tools\Binn\;C:\Program Files\Docker\Docker\resources\bin;D:\sqlite-dll-win-x64-3450300\sqlite-tools-win-x64-3450300;C:\Program Files\NVIDIA Corporation\NVIDIA NvDLISR;D:\IntelliJ IDEA 2023.3.7\bin;C:\Program Files\Git\cmd;C:\Windows\System32\WindowsPowerShell\v1.0\;D:\path\gradle\gradle-8.14.3\bin;C:\Windows\System32;C:\Users\ikeife\.pyenv\pyenv-win\bin;C:\Users\ikeife\.pyenv\pyenv-win\shims;D:\path\mvnd\maven-mvnd-1.0.2-windows-amd64\bin;C:\Users\ikeife\AppData\Local\Programs\Python\Python314\Scripts;C:\Users\ikeife\.jabba\jdk\default\bin;D:\apache-maven-3.9.6-bin (2)\apache-maven-3.9.6\bin;C:\nvm4w\nodejs;D:\path\nvm\nvm;D:\cursor\resources\app\bin;C:\Users\ikeife\AppData\Roaming\npm;C:\Users\ikeife\AppData\Local\Programs\Microsoft VS Code\bin;C:\Users\ikeife\scoop\shims;C:\Users\ikeife\AppData\Local\Programs\oh-my-posh\bin\;C:\Users\ikeife\AppData\Local\Programs\Python\Python314\;D:\Bandizip;D:\apache-tomcat-10.1.24-windows-x64\apache-tomcat-10.1.24\bin;D:\Process Lasso\;C:\Program Files (x86)\Microsoft SQL Server\160\Tools\Binn\;C:\Program Files\Docker\Docker\resources\bin;D:\sqlite-dll-win-x64-3450300\sqlite-tools-win-x64-3450300;C:\Program Files\NVIDIA Corporation\NVIDIA NvDLISR;D:\IntelliJ IDEA 2023.3.7\bin;C:\Program Files\Git\cmd;C:\Windows\System32\WindowsPowerShell\v1.0\;C:\Users\ikeife\.local\bin;C:\Users\ikeife\AppData\Local\GitHubDesktop\bin;."/>
    <property name="java.vm.info" value="mixed mode, sharing"/>
    <property name="java.vendor" value="Oracle Corporation"/>
    <property name="java.vm.version" value="17+35-2724"/>
    <property name="sun.io.unicode.encoding" value="UnicodeLittle"/>
    <property name="java.class.version" value="61.0"/>
    <property name="LOGGED_APPLICATION_NAME" value="[forum-post] "/>
  </properties>
  <testcase name="contextLoads" classname="com.mengnankk.post.ForumPostApplicationTests" time="0.819">
    <system-out><![CDATA[Standard Commons Logging discovery in action with spring-jcl: please remove commons-logging.jar from classpath in order to avoid potential conflicts
14:37:38.743 [main] INFO org.springframework.test.context.support.AnnotationConfigContextLoaderUtils -- Could not detect default configuration classes for test class [com.mengnankk.post.ForumPostApplicationTests]: ForumPostApplicationTests does not declare any static, non-private, non-final, nested classes annotated with @Configuration.
14:37:38.825 [main] INFO org.springframework.boot.test.context.SpringBootTestContextBootstrapper -- Found @SpringBootConfiguration com.mengnankk.post.ForumPostApplication for test class com.mengnankk.post.ForumPostApplicationTests

  .   ____          _            __ _ _
 /\\ / ___'_ __ _ _(_)_ __  __ _ \ \ \ \
( ( )\___ | '_ | '_| | '_ \/ _` | \ \ \ \
 \\/  ___)| |_)| | | | | || (_| |  ) ) ) )
  '  |____| .__|_| |_|_| |_\__, | / / / /
 =========|_|==============|___/=/_/_/_/
 :: Spring Boot ::                (v3.2.5)

2025-08-09T14:37:40.333+08:00  INFO 14404 --- [forum-post] [           main] c.m.post.ForumPostApplicationTests       : Starting ForumPostApplicationTests using Java 17 with PID 14404 (started by ikeife in E:\github\springaialibaba-example\forum-post)
2025-08-09T14:37:40.335+08:00  INFO 14404 --- [forum-post] [           main] c.m.post.ForumPostApplicationTests       : No active profile set, falling back to 1 default profile: "default"
2025-08-09T14:37:41.141+08:00  INFO 14404 --- [forum-post] [           main] .s.d.r.c.RepositoryConfigurationDelegate : Multiple Spring Data modules found, entering strict repository configuration mode
2025-08-09T14:37:41.144+08:00  INFO 14404 --- [forum-post] [           main] .s.d.r.c.RepositoryConfigurationDelegate : Bootstrapping Spring Data Redis repositories in DEFAULT mode.
2025-08-09T14:37:41.169+08:00  INFO 14404 --- [forum-post] [           main] .s.d.r.c.RepositoryConfigurationDelegate : Finished Spring Data repository scanning in 4 ms. Found 0 Redis repository interfaces.
2025-08-09T14:37:41.277+08:00  WARN 14404 --- [forum-post] [           main] o.m.s.mapper.ClassPathMapperScanner      : No MyBatis mapper was found in '[com.mengnankk.post]' package. Please check your configuration.
2025-08-09T14:37:41.354+08:00  INFO 14404 --- [forum-post] [           main] o.s.cloud.context.scope.GenericScope     : BeanFactory id=86443584-ac41-306b-86b7-544711059cbb
2025-08-09T14:37:41.542+08:00  WARN 14404 --- [forum-post] [           main] trationDelegate$BeanPostProcessorChecker : Bean 'org.apache.rocketmq.spring.autoconfigure.ListenerContainerConfiguration' of type [org.apache.rocketmq.spring.autoconfigure.ListenerContainerConfiguration$$SpringCGLIB$$0] is not eligible for getting processed by all BeanPostProcessors (for example: not eligible for auto-proxying). Is this bean getting eagerly injected into a currently created BeanPostProcessor [org.apache.rocketmq.spring.annotation.RocketMQMessageListenerBeanPostProcessor]? Check the corresponding BeanPostProcessor declaration and its dependencies.
2025-08-09T14:37:41.546+08:00  WARN 14404 --- [forum-post] [           main] trationDelegate$BeanPostProcessorChecker : Bean 'org.apache.rocketmq.spring.autoconfigure.MessageConverterConfiguration' of type [org.apache.rocketmq.spring.autoconfigure.MessageConverterConfiguration$$SpringCGLIB$$0] is not eligible for getting processed by all BeanPostProcessors (for example: not eligible for auto-proxying). Is this bean getting eagerly injected into a currently created BeanPostProcessor [org.apache.rocketmq.spring.annotation.RocketMQMessageListenerBeanPostProcessor]? Check the corresponding BeanPostProcessor declaration and its dependencies.
2025-08-09T14:37:41.623+08:00  WARN 14404 --- [forum-post] [           main] trationDelegate$BeanPostProcessorChecker : Bean 'createRocketMQMessageConverter' of type [org.apache.rocketmq.spring.support.RocketMQMessageConverter] is not eligible for getting processed by all BeanPostProcessors (for example: not eligible for auto-proxying). Is this bean getting eagerly injected into a currently created BeanPostProcessor [org.apache.rocketmq.spring.annotation.RocketMQMessageListenerBeanPostProcessor]? Check the corresponding BeanPostProcessor declaration and its dependencies.
2025-08-09T14:37:41.629+08:00  WARN 14404 --- [forum-post] [           main] trationDelegate$BeanPostProcessorChecker : Bean 'org.springframework.cloud.commons.config.CommonsConfigAutoConfiguration' of type [org.springframework.cloud.commons.config.CommonsConfigAutoConfiguration] is not eligible for getting processed by all BeanPostProcessors (for example: not eligible for auto-proxying). Is this bean getting eagerly injected into a currently created BeanPostProcessor [org.apache.rocketmq.spring.annotation.RocketMQMessageListenerBeanPostProcessor]? Check the corresponding BeanPostProcessor declaration and its dependencies.
2025-08-09T14:37:41.632+08:00  WARN 14404 --- [forum-post] [           main] trationDelegate$BeanPostProcessorChecker : Bean 'org.springframework.cloud.client.loadbalancer.LoadBalancerDefaultMappingsProviderAutoConfiguration' of type [org.springframework.cloud.client.loadbalancer.LoadBalancerDefaultMappingsProviderAutoConfiguration] is not eligible for getting processed by all BeanPostProcessors (for example: not eligible for auto-proxying). Is this bean getting eagerly injected into a currently created BeanPostProcessor [org.apache.rocketmq.spring.annotation.RocketMQMessageListenerBeanPostProcessor]? Check the corresponding BeanPostProcessor declaration and its dependencies.
2025-08-09T14:37:41.634+08:00  WARN 14404 --- [forum-post] [           main] trationDelegate$BeanPostProcessorChecker : Bean 'loadBalancerClientsDefaultsMappingsProvider' of type [org.springframework.cloud.client.loadbalancer.LoadBalancerDefaultMappingsProviderAutoConfiguration$$Lambda$941/0x00000008010ab948] is not eligible for getting processed by all BeanPostProcessors (for example: not eligible for auto-proxying). Is this bean getting eagerly injected into a currently created BeanPostProcessor [org.apache.rocketmq.spring.annotation.RocketMQMessageListenerBeanPostProcessor]? Check the corresponding BeanPostProcessor declaration and its dependencies.
2025-08-09T14:37:41.635+08:00  WARN 14404 --- [forum-post] [           main] trationDelegate$BeanPostProcessorChecker : Bean 'defaultsBindHandlerAdvisor' of type [org.springframework.cloud.commons.config.DefaultsBindHandlerAdvisor] is not eligible for getting processed by all BeanPostProcessors (for example: not eligible for auto-proxying). Is this bean getting eagerly injected into a currently created BeanPostProcessor [org.apache.rocketmq.spring.annotation.RocketMQMessageListenerBeanPostProcessor]? Check the corresponding BeanPostProcessor declaration and its dependencies.
2025-08-09T14:37:41.640+08:00  WARN 14404 --- [forum-post] [           main] trationDelegate$BeanPostProcessorChecker : Bean 'rocketmq-org.apache.rocketmq.spring.autoconfigure.RocketMQProperties' of type [org.apache.rocketmq.spring.autoconfigure.RocketMQProperties] is not eligible for getting processed by all BeanPostProcessors (for example: not eligible for auto-proxying). Is this bean getting eagerly injected into a currently created BeanPostProcessor [org.apache.rocketmq.spring.annotation.RocketMQMessageListenerBeanPostProcessor]? Check the corresponding BeanPostProcessor declaration and its dependencies.
2025-08-09T14:37:41.643+08:00  WARN 14404 --- [forum-post] [           main] trationDelegate$BeanPostProcessorChecker : Bean 'rocketMQMessageListenerContainerRegistrar' of type [org.apache.rocketmq.spring.support.RocketMQMessageListenerContainerRegistrar] is not eligible for getting processed by all BeanPostProcessors (for example: not eligible for auto-proxying). Is this bean getting eagerly injected into a currently created BeanPostProcessor [org.apache.rocketmq.spring.annotation.RocketMQMessageListenerBeanPostProcessor]? Check the corresponding BeanPostProcessor declaration and its dependencies.
 _ _   |_  _ _|_. ___ _ |    _ 
| | |\/|_)(_| | |_\  |_)||_|_\ 
     /               |         
                        3.5.6 
2025-08-09T14:37:42.539+08:00  WARN 14404 --- [forum-post] [           main] o.a.r.s.a.RocketMQAutoConfiguration      : The necessary spring property 'rocketmq.name-server' is not defined, all rockertmq beans creation are skipped!
2025-08-09T14:37:44.567+08:00  INFO 14404 --- [forum-post] [           main] o.s.cloud.commons.util.InetUtils         : Cannot determine local hostname
2025-08-09T14:37:44.621+08:00  INFO 14404 --- [forum-post] [           main] c.m.post.ForumPostApplicationTests       : Started ForumPostApplicationTests in 5.649 seconds (process running for 6.515)
]]></system-out>
  </testcase>
</testsuite>